<?xml version="1.0" encoding="UTF-8"?>
<!-- Generated by org.testng.reporters.JUnitReportReporter -->
<testsuite hostname="OlegOleks" name="com.facebook.tests.Login_Test" tests="4" failures="0" timestamp="10 May 2015 04:41:58 GMT" time="3.756" errors="0">
  <testcase name="loadPage" time="1.554" classname="com.facebook.tests.Login_Test"/>
  <testcase name="loadPage" time="1.705" classname="com.facebook.tests.Login_Test"/>
  <testcase name="filloutPassField" time="0.195" classname="com.facebook.tests.Login_Test"/>
  <testcase name="filloutEmailField" time="0.302" classname="com.facebook.tests.Login_Test"/>
</testsuite> <!-- com.facebook.tests.Login_Test -->
